C:\USERS\Дмитрий\DOCUMENTS\VISUAL STUDIO 2012\PROJECTS\RPZ\RPZ\DEBUG\RPZ.PCH
C:\USERS\Дмитрий\DOCUMENTS\VISUAL STUDIO 2012\PROJECTS\RPZ\RPZ\DEBUG\STDAFX.OBJ
C:\USERS\ДМИТРИЙ\DOCUMENTS\VISUAL STUDIO 2012\PROJECTS\RPZ\RPZ\DEBUG\VC110.PDB
C:\USERS\Дмитрий\DOCUMENTS\VISUAL STUDIO 2012\PROJECTS\RPZ\RPZ\DEBUG\RPZ.OBJ
C:\USERS\Дмитрий\DOCUMENTS\VISUAL STUDIO 2012\PROJECTS\RPZ\RPZ\DEBUG\TRI.OBJ
C:\USERS\Дмитрий\DOCUMENTS\VISUAL STUDIO 2012\PROJECTS\RPZ\RPZ\DEBUG\Исходный код.OBJ
\\PSF\HOME\DESKTOP\ДМИТРИЙ\RPZ\RPZ\DEBUG\VC110.PDB
\\PSF\HOME\DESKTOP\Дмитрий\RPZ\RPZ\DEBUG\RPZ.PCH
\\PSF\HOME\DESKTOP\Дмитрий\RPZ\RPZ\DEBUG\TRI.OBJ
C:\USERS\дмитрий\DOCUMENTS\VISUAL STUDIO 2012\PROJECTS\RPZ\DEBUG\RPZ.ILK
C:\USERS\дмитрий\DOCUMENTS\VISUAL STUDIO 2012\PROJECTS\RPZ\DEBUG\RPZ.EXE
C:\USERS\ДМИТРИЙ\DOCUMENTS\VISUAL STUDIO 2012\PROJECTS\RPZ\DEBUG\RPZ.PDB
\\PSF\HOME\DESKTOP\ДМИТРИЙ\RPZ\DEBUG\RPZ.PDB
\\psf\Home\Desktop\Дмитрий\RPZ\RPZ\Debug\stdafx.obj
\\psf\Home\Desktop\Дмитрий\RPZ\RPZ\Debug\tri.obj
\\psf\Home\Desktop\Дмитрий\RPZ\RPZ\Debug\Исходный код.obj
\\psf\Home\Desktop\Дмитрий\RPZ\RPZ\Debug\cl.command.1.tlog
\\psf\Home\Desktop\Дмитрий\RPZ\RPZ\Debug\cl.read.1.tlog
\\psf\Home\Desktop\Дмитрий\RPZ\RPZ\Debug\cl.write.1.tlog
\\psf\Home\Desktop\Дмитрий\RPZ\RPZ\Debug\link-cvtres.read.1.tlog
\\psf\Home\Desktop\Дмитрий\RPZ\RPZ\Debug\link-cvtres.write.1.tlog
\\psf\Home\Desktop\Дмитрий\RPZ\RPZ\Debug\link-rc.read.1.tlog
\\psf\Home\Desktop\Дмитрий\RPZ\RPZ\Debug\link-rc.write.1.tlog
\\psf\Home\Desktop\Дмитрий\RPZ\RPZ\Debug\link.1332-cvtres.read.1.tlog
\\psf\Home\Desktop\Дмитрий\RPZ\RPZ\Debug\link.1332-cvtres.write.1.tlog
\\psf\Home\Desktop\Дмитрий\RPZ\RPZ\Debug\link.1332-rc.read.1.tlog
\\psf\Home\Desktop\Дмитрий\RPZ\RPZ\Debug\link.1332-rc.write.1.tlog
\\psf\Home\Desktop\Дмитрий\RPZ\RPZ\Debug\link.1332.read.1.tlog
\\psf\Home\Desktop\Дмитрий\RPZ\RPZ\Debug\link.1332.write.1.tlog
\\psf\Home\Desktop\Дмитрий\RPZ\RPZ\Debug\link.1444-cvtres.read.1.tlog
\\psf\Home\Desktop\Дмитрий\RPZ\RPZ\Debug\link.1444-cvtres.write.1.tlog
\\psf\Home\Desktop\Дмитрий\RPZ\RPZ\Debug\link.1444-rc.read.1.tlog
\\psf\Home\Desktop\Дмитрий\RPZ\RPZ\Debug\link.1444-rc.write.1.tlog
\\psf\Home\Desktop\Дмитрий\RPZ\RPZ\Debug\link.1444.read.1.tlog
\\psf\Home\Desktop\Дмитрий\RPZ\RPZ\Debug\link.1444.write.1.tlog
\\psf\Home\Desktop\Дмитрий\RPZ\RPZ\Debug\link.1752-cvtres.read.1.tlog
\\psf\Home\Desktop\Дмитрий\RPZ\RPZ\Debug\link.1752-cvtres.write.1.tlog
\\psf\Home\Desktop\Дмитрий\RPZ\RPZ\Debug\link.1752-rc.read.1.tlog
\\psf\Home\Desktop\Дмитрий\RPZ\RPZ\Debug\link.1752-rc.write.1.tlog
\\psf\Home\Desktop\Дмитрий\RPZ\RPZ\Debug\link.1752.read.1.tlog
\\psf\Home\Desktop\Дмитрий\RPZ\RPZ\Debug\link.1752.write.1.tlog
\\psf\Home\Desktop\Дмитрий\RPZ\RPZ\Debug\link.1896-cvtres.read.1.tlog
\\psf\Home\Desktop\Дмитрий\RPZ\RPZ\Debug\link.1896-cvtres.write.1.tlog
\\psf\Home\Desktop\Дмитрий\RPZ\RPZ\Debug\link.1896-rc.read.1.tlog
\\psf\Home\Desktop\Дмитрий\RPZ\RPZ\Debug\link.1896-rc.write.1.tlog
\\psf\Home\Desktop\Дмитрий\RPZ\RPZ\Debug\link.1896.read.1.tlog
\\psf\Home\Desktop\Дмитрий\RPZ\RPZ\Debug\link.1896.write.1.tlog
\\psf\Home\Desktop\Дмитрий\RPZ\RPZ\Debug\link.2612-cvtres.read.1.tlog
\\psf\Home\Desktop\Дмитрий\RPZ\RPZ\Debug\link.2612-cvtres.write.1.tlog
\\psf\Home\Desktop\Дмитрий\RPZ\RPZ\Debug\link.2612-rc.read.1.tlog
\\psf\Home\Desktop\Дмитрий\RPZ\RPZ\Debug\link.2612-rc.write.1.tlog
\\psf\Home\Desktop\Дмитрий\RPZ\RPZ\Debug\link.2612.read.1.tlog
\\psf\Home\Desktop\Дмитрий\RPZ\RPZ\Debug\link.2612.write.1.tlog
\\psf\Home\Desktop\Дмитрий\RPZ\RPZ\Debug\link.2688-cvtres.read.1.tlog
\\psf\Home\Desktop\Дмитрий\RPZ\RPZ\Debug\link.2688-cvtres.write.1.tlog
\\psf\Home\Desktop\Дмитрий\RPZ\RPZ\Debug\link.2688-rc.read.1.tlog
\\psf\Home\Desktop\Дмитрий\RPZ\RPZ\Debug\link.2688-rc.write.1.tlog
\\psf\Home\Desktop\Дмитрий\RPZ\RPZ\Debug\link.2688.read.1.tlog
\\psf\Home\Desktop\Дмитрий\RPZ\RPZ\Debug\link.2688.write.1.tlog
\\psf\Home\Desktop\Дмитрий\RPZ\RPZ\Debug\link.3260-cvtres.read.1.tlog
\\psf\Home\Desktop\Дмитрий\RPZ\RPZ\Debug\link.3260-cvtres.write.1.tlog
\\psf\Home\Desktop\Дмитрий\RPZ\RPZ\Debug\link.3260-rc.read.1.tlog
\\psf\Home\Desktop\Дмитрий\RPZ\RPZ\Debug\link.3260-rc.write.1.tlog
\\psf\Home\Desktop\Дмитрий\RPZ\RPZ\Debug\link.3260.read.1.tlog
\\psf\Home\Desktop\Дмитрий\RPZ\RPZ\Debug\link.3260.write.1.tlog
\\psf\Home\Desktop\Дмитрий\RPZ\RPZ\Debug\link.3512-cvtres.read.1.tlog
\\psf\Home\Desktop\Дмитрий\RPZ\RPZ\Debug\link.3512-cvtres.write.1.tlog
\\psf\Home\Desktop\Дмитрий\RPZ\RPZ\Debug\link.3512-rc.read.1.tlog
\\psf\Home\Desktop\Дмитрий\RPZ\RPZ\Debug\link.3512-rc.write.1.tlog
\\psf\Home\Desktop\Дмитрий\RPZ\RPZ\Debug\link.3512.read.1.tlog
\\psf\Home\Desktop\Дмитрий\RPZ\RPZ\Debug\link.3512.write.1.tlog
\\psf\Home\Desktop\Дмитрий\RPZ\RPZ\Debug\link.3572-cvtres.read.1.tlog
\\psf\Home\Desktop\Дмитрий\RPZ\RPZ\Debug\link.3572-cvtres.write.1.tlog
\\psf\Home\Desktop\Дмитрий\RPZ\RPZ\Debug\link.3572-rc.read.1.tlog
\\psf\Home\Desktop\Дмитрий\RPZ\RPZ\Debug\link.3572-rc.write.1.tlog
\\psf\Home\Desktop\Дмитрий\RPZ\RPZ\Debug\link.3572.read.1.tlog
\\psf\Home\Desktop\Дмитрий\RPZ\RPZ\Debug\link.3572.write.1.tlog
\\psf\Home\Desktop\Дмитрий\RPZ\RPZ\Debug\link.3584-cvtres.read.1.tlog
\\psf\Home\Desktop\Дмитрий\RPZ\RPZ\Debug\link.3584-cvtres.write.1.tlog
\\psf\Home\Desktop\Дмитрий\RPZ\RPZ\Debug\link.3584-rc.read.1.tlog
\\psf\Home\Desktop\Дмитрий\RPZ\RPZ\Debug\link.3584-rc.write.1.tlog
\\psf\Home\Desktop\Дмитрий\RPZ\RPZ\Debug\link.3584.read.1.tlog
\\psf\Home\Desktop\Дмитрий\RPZ\RPZ\Debug\link.3584.write.1.tlog
\\psf\Home\Desktop\Дмитрий\RPZ\RPZ\Debug\link.808-cvtres.read.1.tlog
\\psf\Home\Desktop\Дмитрий\RPZ\RPZ\Debug\link.808-cvtres.write.1.tlog
\\psf\Home\Desktop\Дмитрий\RPZ\RPZ\Debug\link.808-rc.read.1.tlog
\\psf\Home\Desktop\Дмитрий\RPZ\RPZ\Debug\link.808-rc.write.1.tlog
\\psf\Home\Desktop\Дмитрий\RPZ\RPZ\Debug\link.808.read.1.tlog
\\psf\Home\Desktop\Дмитрий\RPZ\RPZ\Debug\link.808.write.1.tlog
\\psf\Home\Desktop\Дмитрий\RPZ\RPZ\Debug\link.command.1.tlog
\\psf\Home\Desktop\Дмитрий\RPZ\RPZ\Debug\link.read.1.tlog
\\psf\Home\Desktop\Дмитрий\RPZ\RPZ\Debug\link.write.1.tlog
\\psf\Home\Desktop\Дмитрий\RPZ\RPZ\Debug\RPZ.pch
\\psf\Home\Desktop\Дмитрий\RPZ\RPZ\Debug\vc110.idb
\\psf\Home\Desktop\Дмитрий\RPZ\RPZ\Debug\vc110.pdb
\\psf\Home\Desktop\Дмитрий\RPZ\Debug\RPZ.pdb
\\psf\Home\Desktop\Дмитрий\RPZ\Debug\RPZ.exe
\\psf\Home\Desktop\Дмитрий\RPZ\Debug\RPZ.ilk
